2018-12-17 09:53:47, 1, 3.75, 1, 3.76, 1, 3.68, 1, 991, 1, 17, 1, 138, 1, 869
2018-12-17 09:53:52, 2, 3.77, 2, 3.76, 2, 3.68, 2, 991, 2, 17, 2, 139, 2, 869
2018-12-17 09:53:57, 3, 3.64, 3, 3.74, 3, 3.67, 3, 991, 3, 17, 3, 139, 3, 869
2018-12-17 09:54:02, 4, 3.51, 4, 3.71, 4, 3.66, 4, 991, 4, 17, 4, 139, 4, 869
2018-12-17 09:54:07, 5, 3.55, 5, 3.71, 5, 3.66, 5, 991, 5, 17, 5, 139, 5, 869
2018-12-17 09:54:12, 6, 3.67, 6, 3.74, 6, 3.67, 6, 991, 6, 16, 6, 139, 6, 869
2018-12-17 09:54:17, 7, 3.53, 7, 3.71, 7, 3.66, 7, 991, 7, 16, 7, 138, 7, 869
2018-12-17 09:54:22, 8, 3.65, 8, 3.73, 8, 3.67, 8, 991, 8, 17, 8, 138, 8, 869
2018-12-17 09:54:27, 9, 3.60, 9, 3.72, 9, 3.67, 9, 991, 9, 16, 9, 139, 9, 869
2018-12-17 09:54:32, 10, 3.47, 10, 3.69, 10, 3.66, 10, 991, 10, 16, 10, 139, 10, 869
2018-12-17 09:54:37, 11, 3.59, 11, 3.71, 11, 3.67, 11, 991, 11, 16, 11, 139, 11, 869
2018-12-17 09:54:42, 12, 3.71, 12, 3.73, 12, 3.67, 12, 991, 12, 16, 12, 139, 12, 869
2018-12-17 09:54:48, 13, 3.57, 13, 3.70, 13, 3.66, 13, 991, 13, 16, 13, 139, 13, 869
2018-12-17 09:54:53, 14, 3.44, 14, 3.67, 14, 3.66, 14, 991, 14, 16, 14, 139, 14, 869
2018-12-17 09:54:58, 15, 3.49, 15, 3.68, 15, 3.66, 15, 991, 15, 16, 15, 139, 15, 869
2018-12-17 09:55:03, 16, 3.69, 16, 3.72, 16, 3.67, 16, 992, 16, 16, 16, 139, 16, 869
2018-12-17 09:55:08, 17, 3.79, 17, 3.74, 17, 3.68, 17, 992, 17, 16, 17, 139, 17, 869
2018-12-17 09:55:13, 18, 3.65, 18, 3.71, 18, 3.67, 18, 991, 18, 16, 18, 138, 18, 869
2018-12-17 09:55:18, 19, 3.52, 19, 3.68, 19, 3.66, 19, 991, 19, 16, 19, 138, 19, 869
2018-12-17 09:55:23, 20, 3.40, 20, 3.66, 20, 3.65, 20, 992, 20, 16, 20, 139, 20, 869
2018-12-17 09:55:28, 21, 3.45, 21, 3.66, 21, 3.65, 21, 992, 21, 16, 21, 138, 21, 869
2018-12-17 09:55:33, 22, 3.41, 22, 3.65, 22, 3.65, 22, 992, 22, 16, 22, 138, 22, 869
2018-12-17 09:55:38, 23, 3.38, 23, 3.64, 23, 3.65, 23, 992, 23, 16, 23, 138, 23, 869
2018-12-17 09:55:43, 24, 3.27, 24, 3.61, 24, 3.64, 24, 992, 24, 16, 24, 139, 24, 869
2018-12-17 09:55:48, 25, 3.17, 25, 3.59, 25, 3.63, 25, 992, 25, 16, 25, 139, 25, 869
2018-12-17 09:55:54, 26, 3.55, 26, 3.66, 26, 3.65, 26, 992, 26, 16, 26, 139, 26, 869
2018-12-17 09:55:59, 27, 3.75, 27, 3.70, 27, 3.66, 27, 992, 27, 16, 27, 139, 27, 869
2018-12-17 09:56:04, 28, 3.69, 28, 3.69, 28, 3.66, 28, 992, 28, 16, 28, 138, 28, 869
2018-12-17 09:56:09, 29, 3.55, 29, 3.66, 29, 3.65, 29, 992, 29, 16, 29, 138, 29, 869
2018-12-17 09:56:14, 30, 3.59, 30, 3.66, 30, 3.65, 30, 992, 30, 16, 30, 138, 30, 869
2018-12-17 09:56:19, 31, 3.54, 31, 3.65, 31, 3.65, 31, 992, 31, 16, 31, 139, 31, 869
2018-12-17 09:56:24, 32, 3.42, 32, 3.63, 32, 3.64, 32, 992, 32, 15, 32, 139, 32, 869
2018-12-17 09:56:29, 33, 3.30, 33, 3.60, 33, 3.63, 33, 992, 33, 16, 33, 139, 33, 869
2018-12-17 09:56:34, 34, 3.36, 34, 3.61, 34, 3.64, 34, 992, 34, 16, 34, 139, 34, 869
2018-12-17 09:56:39, 35, 3.81, 35, 3.69, 35, 3.66, 35, 992, 35, 16, 35, 139, 35, 869
2018-12-17 09:56:44, 36, 3.75, 36, 3.68, 36, 3.66, 36, 992, 36, 16, 36, 139, 36, 869
2018-12-17 09:56:49, 37, 3.61, 37, 3.66, 37, 3.65, 37, 992, 37, 15, 37, 138, 37, 869
2018-12-17 09:56:55, 38, 3.96, 38, 3.73, 38, 3.68, 38, 992, 38, 15, 38, 139, 38, 869
2018-12-17 09:57:00, 39, 3.80, 39, 3.70, 39, 3.67, 39, 992, 39, 15, 39, 138, 39, 869
2018-12-17 09:57:05, 40, 4.22, 40, 3.79, 40, 3.70, 40, 992, 40, 15, 40, 139, 40, 869
2018-12-17 09:57:10, 41, 4.12, 41, 3.77, 41, 3.69, 41, 992, 41, 15, 41, 139, 41, 869
2018-12-17 09:57:15, 42, 4.11, 42, 3.78, 42, 3.69, 42, 992, 42, 15, 42, 139, 42, 869
2018-12-17 09:57:20, 43, 3.94, 43, 3.75, 43, 3.68, 43, 992, 43, 15, 43, 138, 43, 869
2018-12-17 09:57:25, 44, 3.79, 44, 3.72, 44, 3.67, 44, 992, 44, 15, 44, 138, 44, 869
2018-12-17 09:57:30, 45, 3.80, 45, 3.72, 45, 3.68, 45, 993, 45, 15, 45, 139, 45, 869
2018-12-17 09:57:35, 46, 3.82, 46, 3.73, 46, 3.68, 46, 993, 46, 15, 46, 138, 46, 869
2018-12-17 09:57:40, 47, 3.67, 47, 3.70, 47, 3.67, 47, 993, 47, 15, 47, 138, 47, 869
2018-12-17 09:57:45, 48, 3.54, 48, 3.67, 48, 3.66, 48, 993, 48, 15, 48, 139, 48, 869
2018-12-17 09:57:50, 49, 3.58, 49, 3.68, 49, 3.66, 49, 993, 49, 15, 49, 138, 49, 869
2018-12-17 09:57:55, 50, 3.69, 50, 3.70, 50, 3.67, 50, 993, 50, 15, 50, 139, 50, 869
2018-12-17 09:58:01, 51, 3.64, 51, 3.69, 51, 3.67, 51, 993, 51, 15, 51, 139, 51, 869
2018-12-17 09:58:06, 52, 3.50, 52, 3.66, 52, 3.66, 52, 993, 52, 15, 52, 138, 52, 869
2018-12-17 09:58:11, 53, 3.62, 53, 3.68, 53, 3.66, 53, 993, 53, 15, 53, 139, 53, 869
2018-12-17 09:58:16, 54, 4.05, 54, 3.77, 54, 3.69, 54, 993, 54, 15, 54, 139, 54, 869
2018-12-17 09:58:21, 55, 4.45, 55, 3.86, 55, 3.72, 55, 993, 55, 15, 55, 139, 55, 869
2018-12-17 09:58:26, 56, 4.41, 56, 3.86, 56, 3.72, 56, 993, 56, 15, 56, 139, 56, 869
2018-12-17 09:58:31, 57, 4.22, 57, 3.83, 57, 3.71, 57, 993, 57, 15, 57, 138, 57, 869
2018-12-17 09:58:36, 58, 4.04, 58, 3.80, 58, 3.70, 58, 993, 58, 15, 58, 139, 58, 869
2018-12-17 09:58:41, 59, 4.20, 59, 3.83, 59, 3.72, 59, 993, 59, 15, 59, 139, 59, 869
2018-12-17 09:58:47, 60, 4.26, 60, 3.85, 60, 3.72, 60, 993, 60, 15, 60, 139, 60, 869
2018-12-17 09:58:52, 61, 4.16, 61, 3.84, 61, 3.72, 61, 993, 61, 15, 61, 138, 61, 869
2018-12-17 09:58:57, 62, 3.99, 62, 3.81, 62, 3.71, 62, 993, 62, 15, 62, 138, 62, 869
2018-12-17 09:59:02, 63, 3.91, 63, 3.80, 63, 3.71, 63, 993, 63, 15, 63, 138, 63, 869
2018-12-17 09:59:07, 64, 4.08, 64, 3.83, 64, 3.72, 64, 993, 64, 15, 64, 138, 64, 869
2018-12-17 09:59:12, 65, 3.91, 65, 3.80, 65, 3.71, 65, 993, 65, 15, 65, 138, 65, 869
2018-12-17 09:59:17, 66, 4.06, 66, 3.84, 66, 3.72, 66, 993, 66, 15, 66, 139, 66, 869
2018-12-17 09:59:22, 67, 4.05, 67, 3.84, 67, 3.72, 67, 993, 67, 15, 67, 138, 67, 869
2018-12-17 09:59:27, 68, 4.13, 68, 3.86, 68, 3.73, 68, 993, 68, 15, 68, 138, 68, 869
2018-12-17 09:59:32, 69, 4.12, 69, 3.86, 69, 3.73, 69, 993, 69, 15, 69, 138, 69, 869
2018-12-17 09:59:37, 70, 3.95, 70, 3.83, 70, 3.72, 70, 993, 70, 15, 70, 138, 70, 869
2018-12-17 09:59:42, 71, 3.79, 71, 3.80, 71, 3.71, 71, 993, 71, 14, 71, 138, 71, 869
2018-12-17 09:59:47, 72, 3.65, 72, 3.77, 72, 3.71, 72, 993, 72, 14, 72, 138, 72, 869
2018-12-17 09:59:52, 73, 3.52, 73, 3.74, 73, 3.70, 73, 993, 73, 14, 73, 139, 73, 869
2018-12-17 09:59:58, 74, 3.40, 74, 3.72, 74, 3.69, 74, 993, 74, 14, 74, 139, 74, 869
2018-12-17 10:00:03, 75, 3.28, 75, 3.69, 75, 3.68, 75, 993, 75, 14, 75, 138, 75, 869
2018-12-17 10:00:08, 76, 3.18, 76, 3.66, 76, 3.67, 76, 993, 76, 14, 76, 138, 76, 869
2018-12-17 10:00:13, 77, 3.09, 77, 3.63, 77, 3.66, 77, 993, 77, 14, 77, 138, 77, 869
2018-12-17 10:00:18, 78, 3.00, 78, 3.61, 78, 3.65, 78, 993, 78, 14, 78, 138, 78, 869
2018-12-17 10:00:23, 79, 2.92, 79, 3.58, 79, 3.64, 79, 994, 79, 14, 79, 138, 79, 869
2018-12-17 10:00:28, 80, 3.41, 80, 3.67, 80, 3.67, 80, 993, 80, 14, 80, 138, 80, 869
2018-12-17 10:00:33, 81, 3.29, 81, 3.64, 81, 3.66, 81, 993, 81, 14, 81, 138, 81, 869
2018-12-17 10:00:38, 82, 3.35, 82, 3.65, 82, 3.66, 82, 994, 82, 14, 82, 138, 82, 869
2018-12-17 10:00:43, 83, 3.40, 83, 3.65, 83, 3.67, 83, 994, 83, 14, 83, 139, 83, 869
2018-12-17 10:00:48, 84, 3.45, 84, 3.66, 84, 3.67, 84, 994, 84, 14, 84, 138, 84, 869
2018-12-17 10:00:53, 85, 3.41, 85, 3.65, 85, 3.66, 85, 994, 85, 14, 85, 138, 85, 869
2018-12-17 10:00:58, 86, 3.30, 86, 3.62, 86, 3.66, 86, 994, 86, 14, 86, 139, 86, 869
2018-12-17 10:01:04, 87, 3.44, 87, 3.64, 87, 3.66, 87, 994, 87, 14, 87, 138, 87, 869
2018-12-17 10:01:09, 88, 3.40, 88, 3.63, 88, 3.66, 88, 994, 88, 14, 88, 138, 88, 869
2018-12-17 10:01:14, 89, 3.29, 89, 3.61, 89, 3.65, 89, 994, 89, 14, 89, 138, 89, 869
2018-12-17 10:01:19, 90, 3.19, 90, 3.58, 90, 3.64, 90, 994, 90, 14, 90, 139, 90, 869
2018-12-17 10:01:24, 91, 3.25, 91, 3.59, 91, 3.64, 91, 994, 91, 14, 91, 139, 91, 869
2018-12-17 10:01:29, 92, 3.23, 92, 3.58, 92, 3.64, 92, 994, 92, 13, 92, 139, 92, 869
2018-12-17 10:01:34, 93, 3.21, 93, 3.57, 93, 3.64, 93, 994, 93, 14, 93, 138, 93, 869
2018-12-17 10:01:39, 94, 3.12, 94, 3.54, 94, 3.63, 94, 994, 94, 14, 94, 138, 94, 869
2018-12-17 10:01:44, 95, 3.11, 95, 3.53, 95, 3.63, 95, 994, 95, 14, 95, 138, 95, 869
2018-12-17 10:01:49, 96, 3.50, 96, 3.61, 96, 3.65, 96, 994, 96, 14, 96, 138, 96, 869
2018-12-17 10:01:54, 97, 3.62, 97, 3.63, 97, 3.66, 97, 994, 97, 14, 97, 138, 97, 869
2018-12-17 10:01:59, 98, 3.49, 98, 3.60, 98, 3.65, 98, 994, 98, 13, 98, 139, 98, 869
2018-12-17 10:02:04, 99, 3.37, 99, 3.58, 99, 3.64, 99, 994, 99, 13, 99, 139, 99, 869
2018-12-17 10:02:09, 100, 3.26, 100, 3.55, 100, 3.63, 100, 994, 100, 13, 100, 139, 100, 869
2018-12-17 10:02:15, 101, 3.32, 101, 3.56, 101, 3.63, 101, 994, 101, 13, 101, 139, 101, 869
2018-12-17 10:02:20, 102, 3.69, 102, 3.63, 102, 3.66, 102, 994, 102, 13, 102, 139, 102, 869
2018-12-17 10:02:25, 103, 3.56, 103, 3.60, 103, 3.65, 103, 995, 103, 13, 103, 139, 103, 869
2018-12-17 10:02:30, 104, 3.59, 104, 3.61, 104, 3.65, 104, 995, 104, 13, 104, 139, 104, 869
2018-12-17 10:02:35, 105, 3.47, 105, 3.58, 105, 3.64, 105, 995, 105, 13, 105, 139, 105, 869
2018-12-17 10:02:40, 106, 3.43, 106, 3.57, 106, 3.64, 106, 994, 106, 13, 106, 139, 106, 869
2018-12-17 10:02:45, 107, 3.47, 107, 3.58, 107, 3.64, 107, 995, 107, 13, 107, 139, 107, 869
2018-12-17 10:02:50, 108, 3.36, 108, 3.55, 108, 3.63, 108, 995, 108, 13, 108, 139, 108, 869
2018-12-17 10:02:55, 109, 3.25, 109, 3.53, 109, 3.62, 109, 995, 109, 13, 109, 139, 109, 869
2018-12-17 10:03:00, 110, 3.15, 110, 3.50, 110, 3.61, 110, 995, 110, 13, 110, 139, 110, 869
2018-12-17 10:03:05, 111, 3.94, 111, 3.66, 111, 3.66, 111, 995, 111, 13, 111, 139, 111, 869
2018-12-17 10:03:11, 112, 3.86, 112, 3.65, 112, 3.66, 112, 995, 112, 13, 112, 139, 112, 869
2018-12-17 10:03:16, 113, 3.71, 113, 3.62, 113, 3.65, 113, 995, 113, 13, 113, 139, 113, 869
2018-12-17 10:03:21, 114, 3.66, 114, 3.61, 114, 3.65, 114, 995, 114, 13, 114, 138, 114, 869
2018-12-17 10:03:26, 115, 3.92, 115, 3.67, 115, 3.66, 115, 995, 115, 13, 115, 139, 115, 869
2018-12-17 10:03:31, 116, 4.41, 116, 3.77, 116, 3.70, 116, 995, 116, 13, 116, 139, 116, 869
2018-12-17 10:03:36, 117, 4.22, 117, 3.74, 117, 3.69, 117, 995, 117, 13, 117, 139, 117, 868
2018-12-17 10:03:41, 118, 4.04, 118, 3.71, 118, 3.68, 118, 989, 118, 19, 118, 139, 118, 869
2018-12-17 10:03:46, 119, 3.88, 119, 3.69, 119, 3.67, 119, 989, 119, 19, 119, 139, 119, 869
2018-12-17 10:03:51, 120, 3.73, 120, 3.66, 120, 3.66, 120, 989, 120, 19, 120, 139, 120, 869
2018-12-17 10:03:56, 121, 3.59, 121, 3.63, 121, 3.65, 121, 989, 121, 19, 121, 139, 121, 869
2018-12-17 10:04:01, 122, 3.46, 122, 3.60, 122, 3.64, 122, 989, 122, 19, 122, 139, 122, 869
2018-12-17 10:04:06, 123, 3.42, 123, 3.59, 123, 3.64, 123, 989, 123, 19, 123, 139, 123, 869
2018-12-17 10:04:11, 124, 3.31, 124, 3.57, 124, 3.63, 124, 989, 124, 19, 124, 139, 124, 869
2018-12-17 10:04:16, 125, 3.20, 125, 3.54, 125, 3.62, 125, 989, 125, 19, 125, 139, 125, 869
2018-12-17 10:04:21, 126, 3.51, 126, 3.60, 126, 3.64, 126, 989, 126, 18, 126, 139, 126, 869
2018-12-17 10:04:27, 127, 3.71, 127, 3.64, 127, 3.65, 127, 989, 127, 18, 127, 139, 127, 869
2018-12-17 10:04:32, 128, 3.65, 128, 3.63, 128, 3.65, 128, 989, 128, 18, 128, 139, 128, 869
2018-12-17 10:04:37, 129, 3.52, 129, 3.60, 129, 3.64, 129, 989, 129, 18, 129, 139, 129, 869
2018-12-17 10:04:42, 130, 3.40, 130, 3.58, 130, 3.63, 130, 989, 130, 18, 130, 139, 130, 869
2018-12-17 10:04:47, 131, 3.53, 131, 3.60, 131, 3.64, 131, 989, 131, 18, 131, 139, 131, 869
2018-12-17 10:04:52, 132, 3.44, 132, 3.58, 132, 3.63, 132, 989, 132, 18, 132, 139, 132, 869
2018-12-17 10:04:57, 133, 3.32, 133, 3.55, 133, 3.63, 133, 989, 133, 18, 133, 139, 133, 869
2018-12-17 10:05:02, 134, 3.70, 134, 3.63, 134, 3.65, 134, 989, 134, 18, 134, 139, 134, 869
2018-12-17 10:05:07, 135, 3.96, 135, 3.68, 135, 3.67, 135, 989, 135, 18, 135, 139, 135, 869
2018-12-17 10:05:12, 136, 3.89, 136, 3.67, 136, 3.66, 136, 989, 136, 18, 136, 139, 136, 869
2018-12-17 10:05:17, 137, 3.73, 137, 3.64, 137, 3.65, 137, 990, 137, 18, 137, 139, 137, 869
2018-12-17 10:05:22, 138, 3.60, 138, 3.62, 138, 3.65, 138, 990, 138, 18, 138, 139, 138, 869
2018-12-17 10:05:28, 139, 3.55, 139, 3.61, 139, 3.64, 139, 990, 139, 18, 139, 139, 139, 869
2018-12-17 10:05:33, 140, 3.50, 140, 3.60, 140, 3.64, 140, 990, 140, 18, 140, 139, 140, 869
2018-12-17 10:05:38, 141, 3.38, 141, 3.57, 141, 3.63, 141, 990, 141, 18, 141, 139, 141, 869
2018-12-17 10:05:43, 142, 3.27, 142, 3.54, 142, 3.62, 142, 990, 142, 18, 142, 139, 142, 869
2018-12-17 10:05:48, 143, 3.17, 143, 3.52, 143, 3.61, 143, 990, 143, 18, 143, 139, 143, 869
2018-12-17 10:05:53, 144, 3.48, 144, 3.58, 144, 3.63, 144, 990, 144, 18, 144, 139, 144, 869
2018-12-17 10:05:58, 145, 3.52, 145, 3.58, 145, 3.63, 145, 990, 145, 18, 145, 139, 145, 869
2018-12-17 10:06:03, 146, 3.48, 146, 3.57, 146, 3.63, 146, 990, 146, 18, 146, 139, 146, 869
2018-12-17 10:06:08, 147, 3.68, 147, 3.61, 147, 3.64, 147, 990, 147, 18, 147, 139, 147, 869
2018-12-17 10:06:13, 148, 3.55, 148, 3.59, 148, 3.63, 148, 990, 148, 18, 148, 139, 148, 869
2018-12-17 10:06:18, 149, 3.74, 149, 3.63, 149, 3.65, 149, 990, 149, 18, 149, 139, 149, 869
2018-12-17 10:06:23, 150, 3.68, 150, 3.62, 150, 3.64, 150, 990, 150, 18, 150, 139, 150, 869
2018-12-17 10:06:28, 151, 3.63, 151, 3.61, 151, 3.64, 151, 990, 151, 18, 151, 139, 151, 869
2018-12-17 10:06:33, 152, 3.66, 152, 3.61, 152, 3.64, 152, 990, 152, 18, 152, 139, 152, 869
2018-12-17 10:06:39, 153, 3.52, 153, 3.59, 153, 3.63, 153, 990, 153, 18, 153, 139, 153, 869
2018-12-17 10:06:44, 154, 3.56, 154, 3.59, 154, 3.63, 154, 990, 154, 18, 154, 139, 154, 869
2018-12-17 10:06:49, 155, 3.44, 155, 3.57, 155, 3.63, 155, 990, 155, 18, 155, 139, 155, 869
2018-12-17 10:06:54, 156, 3.32, 156, 3.54, 156, 3.62, 156, 990, 156, 18, 156, 139, 156, 869
2018-12-17 10:06:59, 157, 3.30, 157, 3.53, 157, 3.61, 157, 990, 157, 17, 157, 139, 157, 869
2018-12-17 10:07:04, 158, 3.27, 158, 3.52, 158, 3.61, 158, 990, 158, 17, 158, 139, 158, 869
2018-12-17 10:07:09, 159, 3.41, 159, 3.55, 159, 3.62, 159, 990, 159, 17, 159, 139, 159, 869
2018-12-17 10:07:14, 160, 3.30, 160, 3.52, 160, 3.61, 160, 990, 160, 17, 160, 139, 160, 869
2018-12-17 10:07:19, 161, 3.51, 161, 3.56, 161, 3.62, 161, 990, 161, 17, 161, 139, 161, 869
2018-12-17 10:07:24, 162, 3.79, 162, 3.62, 162, 3.64, 162, 990, 162, 17, 162, 139, 162, 869
2018-12-17 10:07:29, 163, 3.73, 163, 3.61, 163, 3.64, 163, 990, 163, 17, 163, 139, 163, 869
2018-12-17 10:07:34, 164, 3.75, 164, 3.62, 164, 3.64, 164, 990, 164, 17, 164, 139, 164, 869
2018-12-17 10:07:39, 165, 3.61, 165, 3.59, 165, 3.63, 165, 991, 165, 17, 165, 139, 165, 869
2018-12-17 10:07:45, 166, 3.48, 166, 3.56, 166, 3.62, 166, 991, 166, 17, 166, 139, 166, 869
2018-12-17 10:07:50, 167, 3.36, 167, 3.54, 167, 3.61, 167, 990, 167, 17, 167, 139, 167, 869
2018-12-17 10:07:55, 168, 3.50, 168, 3.56, 168, 3.62, 168, 991, 168, 17, 168, 139, 168, 869
2018-12-17 10:08:00, 169, 3.38, 169, 3.53, 169, 3.61, 169, 991, 169, 17, 169, 139, 169, 869
2018-12-17 10:08:05, 170, 3.27, 170, 3.51, 170, 3.60, 170, 991, 170, 17, 170, 139, 170, 869
2018-12-17 10:08:10, 171, 3.16, 171, 3.48, 171, 3.59, 171, 991, 171, 17, 171, 139, 171, 869
2018-12-17 10:08:15, 172, 3.23, 172, 3.49, 172, 3.59, 172, 991, 172, 17, 172, 139, 172, 869
2018-12-17 10:08:20, 173, 3.53, 173, 3.55, 173, 3.61, 173, 991, 173, 17, 173, 139, 173, 869
2018-12-17 10:08:25, 174, 3.49, 174, 3.54, 174, 3.61, 174, 991, 174, 17, 174, 139, 174, 869
2018-12-17 10:08:30, 175, 3.37, 175, 3.52, 175, 3.60, 175, 991, 175, 17, 175, 139, 175, 869
2018-12-17 10:08:35, 176, 3.26, 176, 3.49, 176, 3.59, 176, 991, 176, 17, 176, 139, 176, 869
2018-12-17 10:08:40, 177, 3.40, 177, 3.52, 177, 3.60, 177, 991, 177, 17, 177, 139, 177, 869
2018-12-17 10:08:46, 178, 3.53, 178, 3.54, 178, 3.61, 178, 991, 178, 17, 178, 139, 178, 869
2018-12-17 10:08:51, 179, 3.49, 179, 3.53, 179, 3.60, 179, 991, 179, 17, 179, 139, 179, 869
2018-12-17 10:08:56, 180, 3.37, 180, 3.51, 180, 3.59, 180, 991, 180, 17, 180, 139, 180, 869
2018-12-17 10:09:01, 181, 3.74, 181, 3.58, 181, 3.62, 181, 991, 181, 17, 181, 139, 181, 869
2018-12-17 10:09:06, 182, 3.68, 182, 3.57, 182, 3.61, 182, 991, 182, 17, 182, 139, 182, 869
2018-12-17 10:09:11, 183, 3.78, 183, 3.60, 183, 3.62, 183, 991, 183, 17, 183, 139, 183, 869
2018-12-17 10:09:16, 184, 3.64, 184, 3.57, 184, 3.61, 184, 991, 184, 17, 184, 139, 184, 869
2018-12-17 10:09:21, 185, 3.59, 185, 3.56, 185, 3.61, 185, 991, 185, 17, 185, 139, 185, 869
2018-12-17 10:09:26, 186, 3.70, 186, 3.58, 186, 3.62, 186, 991, 186, 17, 186, 139, 186, 869
2018-12-17 10:09:31, 187, 3.97, 187, 3.64, 187, 3.63, 187, 991, 187, 17, 187, 139, 187, 869
2018-12-17 10:09:36, 188, 3.81, 188, 3.61, 188, 3.63, 188, 991, 188, 16, 188, 139, 188, 869
2018-12-17 10:09:41, 189, 3.66, 189, 3.59, 189, 3.62, 189, 991, 189, 16, 189, 139, 189, 869
2018-12-17 10:09:46, 190, 3.53, 190, 3.56, 190, 3.61, 190, 991, 190, 16, 190, 139, 190, 869
2018-12-17 10:09:52, 191, 3.73, 191, 3.60, 191, 3.62, 191, 991, 191, 16, 191, 139, 191, 869
2018-12-17 10:09:57, 192, 3.67, 192, 3.59, 192, 3.62, 192, 991, 192, 16, 192, 139, 192, 869
2018-12-17 10:10:02, 193, 3.54, 193, 3.56, 193, 3.61, 193, 991, 193, 16, 193, 139, 193, 869
2018-12-17 10:10:07, 194, 3.41, 194, 3.54, 194, 3.60, 194, 991, 194, 16, 194, 139, 194, 869
2018-12-17 10:10:12, 195, 3.30, 195, 3.51, 195, 3.59, 195, 991, 195, 16, 195, 139, 195, 869
2018-12-17 10:10:17, 196, 3.87, 196, 3.63, 196, 3.63, 196, 992, 196, 16, 196, 139, 196, 869
2018-12-17 10:10:22, 197, 3.80, 197, 3.62, 197, 3.62, 197, 992, 197, 16, 197, 139, 197, 869
2018-12-17 10:10:27, 198, 3.90, 198, 3.64, 198, 3.63, 198, 992, 198, 16, 198, 139, 198, 869
2018-12-17 10:10:32, 199, 3.74, 199, 3.61, 199, 3.62, 199, 992, 199, 16, 199, 139, 199, 869
2018-12-17 10:10:37, 200, 3.84, 200, 3.64, 200, 3.63, 200, 992, 200, 16, 200, 139, 200, 869
2018-12-17 10:10:42, 201, 4.02, 201, 3.68, 201, 3.64, 201, 992, 201, 16, 201, 139, 201, 869
2018-12-17 10:10:47, 202, 4.02, 202, 3.68, 202, 3.64, 202, 992, 202, 16, 202, 139, 202, 869
2018-12-17 10:10:52, 203, 3.85, 203, 3.65, 203, 3.64, 203, 992, 203, 16, 203, 139, 203, 869
2018-12-17 10:10:58, 204, 3.87, 204, 3.66, 204, 3.64, 204, 992, 204, 16, 204, 139, 204, 869
2018-12-17 10:11:03, 205, 4.20, 205, 3.73, 205, 3.66, 205, 992, 205, 16, 205, 139, 205, 869
2018-12-17 10:11:08, 206, 4.02, 206, 3.70, 206, 3.65, 206, 992, 206, 16, 206, 139, 206, 869
2018-12-17 10:11:13, 207, 3.86, 207, 3.67, 207, 3.64, 207, 992, 207, 16, 207, 139, 207, 869
2018-12-17 10:11:18, 208, 3.71, 208, 3.65, 208, 3.63, 208, 992, 208, 16, 208, 139, 208, 869
2018-12-17 10:11:23, 209, 4.69, 209, 3.85, 209, 3.70, 209, 992, 209, 16, 209, 139, 209, 869
2018-12-17 10:11:28, 210, 4.72, 210, 3.87, 210, 3.71, 210, 992, 210, 16, 210, 139, 210, 869
2018-12-17 10:11:33, 211, 4.58, 211, 3.86, 211, 3.70, 211, 992, 211, 16, 211, 139, 211, 869
2018-12-17 10:11:38, 212, 4.37, 212, 3.82, 212, 3.69, 212, 992, 212, 16, 212, 139, 212, 869
2018-12-17 10:11:43, 213, 4.42, 213, 3.84, 213, 3.70, 213, 992, 213, 16, 213, 139, 213, 869
2018-12-17 10:11:48, 214, 4.47, 214, 3.86, 214, 3.71, 214, 992, 214, 16, 214, 139, 214, 869
2018-12-17 10:11:53, 215, 4.51, 215, 3.88, 215, 3.72, 215, 992, 215, 16, 215, 139, 215, 869
2018-12-17 10:11:58, 216, 4.39, 216, 3.87, 216, 3.71, 216, 992, 216, 16, 216, 139, 216, 869
2018-12-17 10:12:03, 217, 4.36, 217, 3.87, 217, 3.71, 217, 992, 217, 16, 217, 139, 217, 869
2018-12-17 10:12:08, 218, 4.17, 218, 3.84, 218, 3.70, 218, 992, 218, 15, 218, 139, 218, 869
2018-12-17 10:12:14, 219, 4.24, 219, 3.86, 219, 3.71, 219, 992, 219, 15, 219, 139, 219, 869
2018-12-17 10:12:19, 220, 4.46, 220, 3.91, 220, 3.73, 220, 992, 220, 16, 220, 139, 220, 869
2018-12-17 10:12:24, 221, 4.34, 221, 3.89, 221, 3.72, 221, 992, 221, 15, 221, 139, 221, 869
2018-12-17 10:12:29, 222, 4.16, 222, 3.86, 222, 3.71, 222, 992, 222, 15, 222, 139, 222, 869
2018-12-17 10:12:34, 223, 3.98, 223, 3.83, 223, 3.71, 223, 992, 223, 15, 223, 139, 223, 869
2018-12-17 10:12:39, 224, 4.22, 224, 3.89, 224, 3.72, 224, 993, 224, 15, 224, 139, 224, 869
2018-12-17 10:12:44, 225, 4.05, 225, 3.85, 225, 3.71, 225, 993, 225, 15, 225, 139, 225, 869
2018-12-17 10:12:49, 226, 3.88, 226, 3.82, 226, 3.70, 226, 992, 226, 15, 226, 139, 226, 869
2018-12-17 10:12:54, 227, 3.73, 227, 3.79, 227, 3.70, 227, 993, 227, 15, 227, 139, 227, 869
2018-12-17 10:12:59, 228, 3.59, 228, 3.76, 228, 3.69, 228, 993, 228, 15, 228, 139, 228, 869
2018-12-17 10:13:04, 229, 3.47, 229, 3.73, 229, 3.68, 229, 993, 229, 15, 229, 139, 229, 869
2018-12-17 10:13:10, 230, 3.51, 230, 3.74, 230, 3.68, 230, 993, 230, 15, 230, 139, 230, 869
2018-12-17 10:13:15, 231, 3.63, 231, 3.76, 231, 3.69, 231, 993, 231, 15, 231, 139, 231, 869
2018-12-17 10:13:20, 232, 3.58, 232, 3.75, 232, 3.68, 232, 993, 232, 15, 232, 139, 232, 869
2018-12-17 10:13:25, 233, 3.45, 233, 3.72, 233, 3.67, 233, 993, 233, 15, 233, 139, 233, 869
2018-12-17 10:13:30, 234, 3.41, 234, 3.71, 234, 3.67, 234, 993, 234, 15, 234, 139, 234, 869
2018-12-17 10:13:35, 235, 3.46, 235, 3.71, 235, 3.67, 235, 993, 235, 15, 235, 139, 235, 869
2018-12-17 10:13:40, 236, 3.50, 236, 3.72, 236, 3.67, 236, 993, 236, 15, 236, 139, 236, 869
2018-12-17 10:13:45, 237, 3.54, 237, 3.72, 237, 3.68, 237, 993, 237, 15, 237, 139, 237, 869
2018-12-17 10:13:50, 238, 3.50, 238, 3.71, 238, 3.67, 238, 993, 238, 15, 238, 139, 238, 869
2018-12-17 10:13:55, 239, 3.46, 239, 3.70, 239, 3.67, 239, 993, 239, 15, 239, 139, 239, 869
2018-12-17 10:14:00, 240, 3.42, 240, 3.68, 240, 3.66, 240, 993, 240, 15, 240, 139, 240, 869
2018-12-17 10:14:05, 241, 3.39, 241, 3.67, 241, 3.66, 241, 993, 241, 15, 241, 139, 241, 869
2018-12-17 10:14:10, 242, 3.60, 242, 3.71, 242, 3.67, 242, 993, 242, 15, 242, 139, 242, 869
2018-12-17 10:14:15, 243, 3.47, 243, 3.68, 243, 3.67, 243, 993, 243, 14, 243, 139, 243, 869
2018-12-17 10:14:20, 244, 3.91, 244, 3.77, 244, 3.69, 244, 993, 244, 15, 244, 139, 244, 869
2018-12-17 10:14:26, 245, 3.84, 245, 3.76, 245, 3.69, 245, 993, 245, 14, 245, 139, 245, 869
2018-12-17 10:14:31, 246, 4.89, 246, 3.98, 246, 3.76, 246, 993, 246, 15, 246, 139, 246, 869
2018-12-17 10:14:36, 247, 4.74, 247, 3.96, 247, 3.76, 247, 993, 247, 14, 247, 139, 247, 869
2018-12-17 10:14:41, 248, 4.52, 248, 3.93, 248, 3.75, 248, 993, 248, 15, 248, 139, 248, 869
2018-12-17 10:14:46, 249, 5.20, 249, 4.08, 249, 3.80, 249, 993, 249, 14, 249, 139, 249, 869
2018-12-17 10:14:51, 250, 5.10, 250, 4.08, 250, 3.80, 250, 993, 250, 14, 250, 139, 250, 869
2018-12-17 10:14:56, 251, 4.94, 251, 4.06, 251, 3.79, 251, 994, 251, 14, 251, 139, 251, 869
2018-12-17 10:15:01, 252, 4.86, 252, 4.06, 252, 3.80, 252, 994, 252, 14, 252, 139, 252, 869
2018-12-17 10:15:06, 253, 4.63, 253, 4.03, 253, 3.79, 253, 993, 253, 14, 253, 139, 253, 869
2018-12-17 10:15:11, 254, 4.58, 254, 4.03, 254, 3.79, 254, 993, 254, 14, 254, 139, 254, 869
2018-12-17 10:15:16, 255, 4.45, 255, 4.01, 255, 3.78, 255, 993, 255, 14, 255, 139, 255, 869
2018-12-17 10:15:21, 256, 4.98, 256, 4.12, 256, 3.82, 256, 994, 256, 14, 256, 139, 256, 869
2018-12-17 10:15:26, 257, 5.14, 257, 4.17, 257, 3.84, 257, 994, 257, 14, 257, 139, 257, 869
2018-12-17 10:15:31, 258, 4.97, 258, 4.15, 258, 3.83, 258, 994, 258, 14, 258, 139, 258, 869
2018-12-17 10:15:36, 259, 4.81, 259, 4.13, 259, 3.83, 259, 994, 259, 14, 259, 139, 259, 869
2018-12-17 10:15:42, 260, 4.59, 260, 4.10, 260, 3.82, 260, 994, 260, 14, 260, 139, 260, 869
2018-12-17 10:15:47, 261, 4.86, 261, 4.16, 261, 3.84, 261, 994, 261, 14, 261, 139, 261, 869
2018-12-17 10:15:52, 262, 4.87, 262, 4.18, 262, 3.85, 262, 994, 262, 14, 262, 139, 262, 869
2018-12-17 10:15:57, 263, 4.80, 263, 4.17, 263, 3.85, 263, 994, 263, 14, 263, 139, 263, 869
2018-12-17 10:16:02, 264, 4.58, 264, 4.14, 264, 3.84, 264, 994, 264, 14, 264, 139, 264, 869
2018-12-17 10:16:07, 265, 4.57, 265, 4.15, 265, 3.85, 265, 994, 265, 14, 265, 139, 265, 869
2018-12-17 10:16:12, 266, 4.52, 266, 4.15, 266, 3.85, 266, 994, 266, 14, 266, 139, 266, 869
2018-12-17 10:16:17, 267, 4.32, 267, 4.11, 267, 3.84, 267, 994, 267, 14, 267, 139, 267, 869
2018-12-17 10:16:22, 268, 4.13, 268, 4.08, 268, 3.83, 268, 994, 268, 14, 268, 139, 268, 869
2018-12-17 10:16:27, 269, 3.96, 269, 4.04, 269, 3.82, 269, 994, 269, 14, 269, 139, 269, 869
2018-12-17 10:16:32, 270, 5.01, 270, 4.26, 270, 3.89, 270, 994, 270, 14, 270, 139, 270, 869
2018-12-17 10:16:38, 271, 4.93, 271, 4.25, 271, 3.89, 271, 994, 271, 14, 271, 139, 271, 869
2018-12-17 10:16:43, 272, 4.69, 272, 4.22, 272, 3.88, 272, 994, 272, 14, 272, 139, 272, 869
2018-12-17 10:16:48, 273, 4.48, 273, 4.18, 273, 3.87, 273, 994, 273, 14, 273, 139, 273, 869
2018-12-17 10:16:53, 274, 4.28, 274, 4.14, 274, 3.86, 274, 994, 274, 14, 274, 139, 274, 869
2018-12-17 10:16:58, 275, 4.18, 275, 4.12, 275, 3.85, 275, 994, 275, 14, 275, 139, 275, 869
2018-12-17 10:17:03, 276, 4.24, 276, 4.14, 276, 3.86, 276, 994, 276, 14, 276, 139, 276, 869
2018-12-17 10:17:08, 277, 4.06, 277, 4.10, 277, 3.85, 277, 994, 277, 13, 277, 139, 277, 869
2018-12-17 10:17:13, 278, 4.22, 278, 4.13, 278, 3.86, 278, 994, 278, 13, 278, 139, 278, 869
2018-12-17 10:17:18, 279, 4.04, 279, 4.10, 279, 3.85, 279, 994, 279, 13, 279, 139, 279, 869
2018-12-17 10:17:23, 280, 4.04, 280, 4.10, 280, 3.85, 280, 995, 280, 13, 280, 139, 280, 868
2018-12-17 10:17:28, 281, 4.03, 281, 4.10, 281, 3.86, 281, 995, 281, 13, 281, 139, 281, 869
2018-12-17 10:17:33, 282, 3.87, 282, 4.06, 282, 3.85, 282, 994, 282, 13, 282, 139, 282, 869
2018-12-17 10:17:38, 283, 3.72, 283, 4.03, 283, 3.84, 283, 994, 283, 13, 283, 139, 283, 869
2018-12-17 10:17:43, 284, 3.66, 284, 4.01, 284, 3.83, 284, 994, 284, 13, 284, 139, 284, 869
2018-12-17 10:17:48, 285, 3.53, 285, 3.98, 285, 3.82, 285, 995, 285, 13, 285, 139, 285, 869
2018-12-17 10:17:54, 286, 3.57, 286, 3.98, 286, 3.82, 286, 995, 286, 13, 286, 139, 286, 869
2018-12-17 10:17:59, 287, 3.52, 287, 3.96, 287, 3.82, 287, 995, 287, 13, 287, 139, 287, 869
2018-12-17 10:18:04, 288, 3.64, 288, 3.98, 288, 3.82, 288, 995, 288, 13, 288, 139, 288, 869
2018-12-17 10:18:09, 289, 3.59, 289, 3.96, 289, 3.82, 289, 995, 289, 13, 289, 139, 289, 869
2018-12-17 10:18:14, 290, 3.46, 290, 3.93, 290, 3.81, 290, 995, 290, 13, 290, 139, 290, 869
2018-12-17 10:18:19, 291, 3.50, 291, 3.93, 291, 3.81, 291, 995, 291, 13, 291, 139, 291, 869
2018-12-17 10:18:24, 292, 3.54, 292, 3.93, 292, 3.81, 292, 995, 292, 13, 292, 139, 292, 869
2018-12-17 10:18:29, 293, 3.58, 293, 3.93, 293, 3.81, 293, 995, 293, 13, 293, 139, 293, 869
2018-12-17 10:18:34, 294, 3.53, 294, 3.92, 294, 3.81, 294, 995, 294, 13, 294, 139, 294, 869
2018-12-17 10:18:39, 295, 3.65, 295, 3.93, 295, 3.82, 295, 995, 295, 13, 295, 139, 295, 869
2018-12-17 10:18:44, 296, 3.68, 296, 3.94, 296, 3.82, 296, 995, 296, 13, 296, 139, 296, 869
2018-12-17 10:18:49, 297, 3.54, 297, 3.90, 297, 3.81, 297, 995, 297, 13, 297, 139, 297, 869
2018-12-17 10:18:54, 298, 3.50, 298, 3.89, 298, 3.80, 298, 995, 298, 13, 298, 139, 298, 869
2018-12-17 10:18:59, 299, 3.38, 299, 3.86, 299, 3.79, 299, 995, 299, 13, 299, 139, 299, 869
2018-12-17 10:19:04, 300, 3.43, 300, 3.86, 300, 3.79, 300, 995, 300, 13, 300, 139, 300, 869
2018-12-17 10:19:10, 301, 3.48, 301, 3.86, 301, 3.79, 301, 990, 301, 18, 301, 139, 301, 868
2018-12-17 10:19:15, 302, 3.36, 302, 3.83, 302, 3.78, 302, 990, 302, 18, 302, 139, 302, 868
2018-12-17 10:19:20, 303, 3.41, 303, 3.83, 303, 3.79, 303, 990, 303, 18, 303, 139, 303, 868
2018-12-17 10:19:25, 304, 3.38, 304, 3.82, 304, 3.78, 304, 989, 304, 18, 304, 139, 304, 869
2018-12-17 10:19:30, 305, 3.51, 305, 3.84, 305, 3.79, 305, 989, 305, 18, 305, 139, 305, 869
2018-12-17 10:19:35, 306, 3.47, 306, 3.83, 306, 3.78, 306, 990, 306, 18, 306, 139, 306, 869
2018-12-17 10:19:40, 307, 4.07, 307, 3.94, 307, 3.82, 307, 990, 307, 18, 307, 139, 307, 869
2018-12-17 10:19:45, 308, 4.06, 308, 3.95, 308, 3.82, 308, 990, 308, 18, 308, 139, 308, 869
2018-12-17 10:19:50, 309, 3.90, 309, 3.91, 309, 3.81, 309, 990, 309, 18, 309, 139, 309, 869
2018-12-17 10:19:55, 310, 3.83, 310, 3.90, 310, 3.81, 310, 990, 310, 18, 310, 139, 310, 868
2018-12-17 10:20:00, 311, 3.76, 311, 3.88, 311, 3.80, 311, 990, 311, 18, 311, 139, 311, 869
2018-12-17 10:20:05, 312, 3.94, 312, 3.92, 312, 3.82, 312, 990, 312, 18, 312, 139, 312, 869
2018-12-17 10:20:11, 313, 3.86, 313, 3.90, 313, 3.81, 313, 990, 313, 18, 313, 139, 313, 869
2018-12-17 10:20:16, 314, 3.88, 314, 3.90, 314, 3.81, 314, 990, 314, 18, 314, 139, 314, 869
2018-12-17 10:20:21, 315, 4.29, 315, 3.99, 315, 3.84, 315, 990, 315, 18, 315, 139, 315, 868
2018-12-17 10:20:26, 316, 4.10, 316, 3.96, 316, 3.83, 316, 990, 316, 18, 316, 139, 316, 869
2018-12-17 10:20:31, 317, 4.01, 317, 3.94, 317, 3.83, 317, 990, 317, 18, 317, 139, 317, 869
2018-12-17 10:20:36, 318, 3.85, 318, 3.91, 318, 3.82, 318, 990, 318, 18, 318, 139, 318, 869
2018-12-17 10:20:41, 319, 4.59, 319, 4.06, 319, 3.87, 319, 990, 319, 18, 319, 139, 319, 869
2018-12-17 10:20:46, 320, 4.46, 320, 4.04, 320, 3.86, 320, 990, 320, 18, 320, 139, 320, 869
2018-12-17 10:20:51, 321, 4.26, 321, 4.01, 321, 3.85, 321, 990, 321, 18, 321, 139, 321, 869
2018-12-17 10:20:56, 322, 4.16, 322, 3.99, 322, 3.85, 322, 990, 322, 18, 322, 139, 322, 869
2018-12-17 10:21:01, 323, 3.99, 323, 3.96, 323, 3.84, 323, 990, 323, 18, 323, 139, 323, 869
2018-12-17 10:21:06, 324, 4.07, 324, 3.97, 324, 3.84, 324, 990, 324, 18, 324, 139, 324, 868
2018-12-17 10:21:11, 325, 3.98, 325, 3.96, 325, 3.84, 325, 990, 325, 18, 325, 139, 325, 869
2018-12-17 10:21:16, 326, 3.82, 326, 3.93, 326, 3.83, 326, 990, 326, 17, 326, 139, 326, 869
2018-12-17 10:21:22, 327, 3.68, 327, 3.89, 327, 3.82, 327, 990, 327, 18, 327, 139, 327, 869
2018-12-17 10:21:27, 328, 4.02, 328, 3.96, 328, 3.84, 328, 990, 328, 17, 328, 139, 328, 868
2018-12-17 10:21:32, 329, 4.26, 329, 4.01, 329, 3.86, 329, 990, 329, 17, 329, 139, 329, 868
2018-12-17 10:21:37, 330, 4.16, 330, 4.00, 330, 3.85, 330, 990, 330, 17, 330, 139, 330, 869
2018-12-17 10:21:42, 331, 3.99, 331, 3.96, 331, 3.84, 331, 990, 331, 17, 331, 139, 331, 869
2018-12-17 10:21:47, 332, 3.99, 332, 3.96, 332, 3.85, 332, 990, 332, 18, 332, 139, 332, 869
2018-12-17 10:21:52, 333, 4.23, 333, 4.01, 333, 3.86, 333, 990, 333, 17, 333, 139, 333, 869
2018-12-17 10:21:57, 334, 4.21, 334, 4.01, 334, 3.86, 334, 990, 334, 17, 334, 139, 334, 869
2018-12-17 10:22:02, 335, 4.04, 335, 3.98, 335, 3.85, 335, 990, 335, 17, 335, 139, 335, 869
2018-12-17 10:22:07, 336, 4.03, 336, 3.98, 336, 3.85, 336, 990, 336, 18, 336, 139, 336, 869
2018-12-17 10:22:12, 337, 4.11, 337, 4.00, 337, 3.86, 337, 991, 337, 17, 337, 139, 337, 869
2018-12-17 10:22:17, 338, 4.18, 338, 4.02, 338, 3.87, 338, 991, 338, 17, 338, 139, 338, 868
2018-12-17 10:22:22, 339, 4.16, 339, 4.01, 339, 3.87, 339, 990, 339, 17, 339, 139, 339, 869
2018-12-17 10:22:27, 340, 3.99, 340, 3.98, 340, 3.86, 340, 990, 340, 17, 340, 139, 340, 869
2018-12-17 10:22:32, 341, 3.91, 341, 3.97, 341, 3.85, 341, 990, 341, 17, 341, 139, 341, 869
2018-12-17 10:22:38, 342, 4.00, 342, 3.98, 342, 3.86, 342, 991, 342, 17, 342, 139, 342, 869
2018-12-17 10:22:43, 343, 4.40, 343, 4.07, 343, 3.89, 343, 991, 343, 17, 343, 139, 343, 869
2018-12-17 10:22:48, 344, 4.21, 344, 4.03, 344, 3.88, 344, 990, 344, 17, 344, 139, 344, 869
2018-12-17 10:22:53, 345, 4.03, 345, 4.00, 345, 3.87, 345, 991, 345, 17, 345, 139, 345, 869
2018-12-17 10:22:58, 346, 3.87, 346, 3.96, 346, 3.86, 346, 991, 346, 17, 346, 139, 346, 868
2018-12-17 10:23:03, 347, 4.04, 347, 4.00, 347, 3.87, 347, 991, 347, 17, 347, 139, 347, 869
2018-12-17 10:23:08, 348, 3.96, 348, 3.98, 348, 3.86, 348, 991, 348, 17, 348, 139, 348, 869
2018-12-17 10:23:13, 349, 3.80, 349, 3.95, 349, 3.85, 349, 991, 349, 17, 349, 139, 349, 869
2018-12-17 10:23:18, 350, 3.73, 350, 3.93, 350, 3.85, 350, 991, 350, 17, 350, 139, 350, 869
2018-12-17 10:23:23, 351, 3.60, 351, 3.90, 351, 3.84, 351, 991, 351, 17, 351, 139, 351, 869
2018-12-17 10:23:28, 352, 3.79, 352, 3.94, 352, 3.85, 352, 991, 352, 17, 352, 139, 352, 869
2018-12-17 10:23:33, 353, 3.72, 353, 3.92, 353, 3.85, 353, 991, 353, 17, 353, 139, 353, 869
2018-12-17 10:23:39, 354, 3.59, 354, 3.89, 354, 3.84, 354, 991, 354, 17, 354, 139, 354, 869
2018-12-17 10:23:44, 355, 3.62, 355, 3.89, 355, 3.84, 355, 991, 355, 17, 355, 139, 355, 869
2018-12-17 10:23:49, 356, 3.49, 356, 3.86, 356, 3.83, 356, 991, 356, 17, 356, 139, 356, 869
2018-12-17 10:23:54, 357, 3.61, 357, 3.88, 357, 3.83, 357, 991, 357, 17, 357, 139, 357, 869
2018-12-17 10:23:59, 358, 3.56, 358, 3.86, 358, 3.83, 358, 991, 358, 17, 358, 139, 358, 869
2018-12-17 10:24:04, 359, 3.52, 359, 3.85, 359, 3.83, 359, 991, 359, 17, 359, 139, 359, 869
2018-12-17 10:24:09, 360, 3.40, 360, 3.82, 360, 3.82, 360, 991, 360, 16, 360, 139, 360, 869
2018-12-17 10:24:14, 361, 3.28, 361, 3.79, 361, 3.81, 361, 991, 361, 16, 361, 139, 361, 869
2018-12-17 10:24:19, 362, 3.18, 362, 3.76, 362, 3.80, 362, 991, 362, 16, 362, 139, 362, 869
2018-12-17 10:24:24, 363, 3.41, 363, 3.80, 363, 3.81, 363, 991, 363, 16, 363, 139, 363, 869
2018-12-17 10:24:29, 364, 3.45, 364, 3.80, 364, 3.81, 364, 991, 364, 16, 364, 139, 364, 869
2018-12-17 10:24:34, 365, 3.42, 365, 3.79, 365, 3.81, 365, 991, 365, 16, 365, 139, 365, 869
2018-12-17 10:24:39, 366, 3.30, 366, 3.76, 366, 3.80, 366, 992, 366, 16, 366, 139, 366, 869
2018-12-17 10:24:44, 367, 3.20, 367, 3.73, 367, 3.79, 367, 992, 367, 16, 367, 139, 367, 869
2018-12-17 10:24:50, 368, 3.18, 368, 3.71, 368, 3.78, 368, 991, 368, 16, 368, 139, 368, 869
2018-12-17 10:24:55, 369, 3.09, 369, 3.69, 369, 3.77, 369, 991, 369, 16, 369, 139, 369, 869
2018-12-17 10:25:00, 370, 3.08, 370, 3.68, 370, 3.77, 370, 991, 370, 16, 370, 139, 370, 869
2018-12-17 10:25:05, 371, 3.00, 371, 3.65, 371, 3.76, 371, 992, 371, 16, 371, 139, 371, 869
2018-12-17 10:25:10, 372, 3.08, 372, 3.65, 372, 3.76, 372, 992, 372, 16, 372, 139, 372, 869
2018-12-17 10:25:15, 373, 3.23, 373, 3.68, 373, 3.77, 373, 992, 373, 16, 373, 139, 373, 869
2018-12-17 10:25:20, 374, 3.13, 374, 3.65, 374, 3.76, 374, 992, 374, 16, 374, 139, 374, 869
2018-12-17 10:25:25, 375, 3.12, 375, 3.64, 375, 3.75, 375, 992, 375, 16, 375, 139, 375, 869
2018-12-17 10:25:30, 376, 3.03, 376, 3.61, 376, 3.74, 376, 992, 376, 16, 376, 139, 376, 869
2018-12-17 10:25:35, 377, 3.11, 377, 3.62, 377, 3.75, 377, 992, 377, 16, 377, 139, 377, 869
2018-12-17 10:25:40, 378, 3.18, 378, 3.62, 378, 3.75, 378, 992, 378, 16, 378, 139, 378, 869
2018-12-17 10:25:45, 379, 3.33, 379, 3.65, 379, 3.75, 379, 992, 379, 16, 379, 139, 379, 869
2018-12-17 10:25:50, 380, 3.22, 380, 3.62, 380, 3.74, 380, 992, 380, 16, 380, 139, 380, 868
2018-12-17 10:25:56, 381, 3.20, 381, 3.61, 381, 3.74, 381, 992, 381, 16, 381, 139, 381, 869
2018-12-17 10:26:01, 382, 3.11, 382, 3.58, 382, 3.73, 382, 992, 382, 16, 382, 139, 382, 869
2018-12-17 10:26:06, 383, 3.74, 383, 3.70, 383, 3.77, 383, 992, 383, 16, 383, 139, 383, 869
2018-12-17 10:26:11, 384, 4.24, 384, 3.81, 384, 3.80, 384, 992, 384, 15, 384, 139, 384, 869
2018-12-17 10:26:16, 385, 4.06, 385, 3.78, 385, 3.79, 385, 992, 385, 16, 385, 139, 385, 869
2018-12-17 10:26:21, 386, 3.98, 386, 3.77, 386, 3.79, 386, 992, 386, 16, 386, 139, 386, 869
2018-12-17 10:26:26, 387, 3.82, 387, 3.74, 387, 3.78, 387, 992, 387, 16, 387, 139, 387, 869
2018-12-17 10:26:31, 388, 4.15, 388, 3.81, 388, 3.80, 388, 992, 388, 16, 388, 139, 388, 869
2018-12-17 10:26:36, 389, 4.30, 389, 3.84, 389, 3.81, 389, 992, 389, 15, 389, 139, 389, 869
2018-12-17 10:26:41, 390, 4.12, 390, 3.81, 390, 3.80, 390, 992, 390, 15, 390, 139, 390, 869
2018-12-17 10:26:46, 391, 4.11, 391, 3.82, 391, 3.81, 391, 992, 391, 15, 391, 139, 391, 869
2018-12-17 10:26:51, 392, 4.10, 392, 3.82, 392, 3.81, 392, 992, 392, 15, 392, 139, 392, 869
2018-12-17 10:26:56, 393, 3.93, 393, 3.79, 393, 3.80, 393, 992, 393, 15, 393, 139, 393, 869
2018-12-17 10:27:01, 394, 4.18, 394, 3.84, 394, 3.81, 394, 992, 394, 15, 394, 139, 394, 869
2018-12-17 10:27:06, 395, 4.16, 395, 3.84, 395, 3.81, 395, 992, 395, 15, 395, 139, 395, 869
2018-12-17 10:27:12, 396, 4.15, 396, 3.85, 396, 3.82, 396, 993, 396, 15, 396, 139, 396, 869
2018-12-17 10:27:17, 397, 3.98, 397, 3.82, 397, 3.81, 397, 993, 397, 15, 397, 139, 397, 869
2018-12-17 10:27:22, 398, 4.46, 398, 3.92, 398, 3.84, 398, 993, 398, 15, 398, 139, 398, 869
2018-12-17 10:27:27, 399, 4.82, 399, 4.00, 399, 3.87, 399, 993, 399, 15, 399, 139, 399, 869
2018-12-17 10:27:32, 400, 4.76, 400, 4.00, 400, 3.87, 400, 993, 400, 15, 400, 139, 400, 869
2018-12-17 10:27:37, 401, 4.54, 401, 3.97, 401, 3.86, 401, 993, 401, 15, 401, 139, 401, 869
2018-12-17 10:27:42, 402, 4.81, 402, 4.04, 402, 3.88, 402, 993, 402, 15, 402, 139, 402, 869
2018-12-17 10:27:47, 403, 4.59, 403, 4.00, 403, 3.87, 403, 993, 403, 15, 403, 139, 403, 869
2018-12-17 10:27:52, 404, 4.54, 404, 4.00, 404, 3.87, 404, 993, 404, 15, 404, 139, 404, 869
2018-12-17 10:27:57, 405, 5.06, 405, 4.12, 405, 3.91, 405, 993, 405, 15, 405, 139, 405, 869
2018-12-17 10:28:02, 406, 4.97, 406, 4.12, 406, 3.91, 406, 992, 406, 15, 406, 139, 406, 869
2018-12-17 10:28:07, 407, 4.81, 407, 4.11, 407, 3.91, 407, 993, 407, 15, 407, 139, 407, 869
2018-12-17 10:28:12, 408, 5.07, 408, 4.18, 408, 3.93, 408, 993, 408, 15, 408, 139, 408, 869
2018-12-17 10:28:17, 409, 4.90, 409, 4.16, 409, 3.93, 409, 993, 409, 15, 409, 139, 409, 869
2018-12-17 10:28:22, 410, 4.75, 410, 4.14, 410, 3.92, 410, 993, 410, 15, 410, 139, 410, 869
2018-12-17 10:28:28, 411, 4.53, 411, 4.10, 411, 3.91, 411, 993, 411, 15, 411, 139, 411, 869
2018-12-17 10:28:33, 412, 4.33, 412, 4.07, 412, 3.90, 412, 993, 412, 15, 412, 139, 412, 869
2018-12-17 10:28:38, 413, 4.22, 413, 4.05, 413, 3.90, 413, 993, 413, 15, 413, 139, 413, 869
2018-12-17 10:28:43, 414, 4.52, 414, 4.12, 414, 3.92, 414, 993, 414, 15, 414, 139, 414, 869
2018-12-17 10:28:48, 415, 4.56, 415, 4.13, 415, 3.92, 415, 993, 415, 15, 415, 139, 415, 869
2018-12-17 10:28:53, 416, 4.36, 416, 4.10, 416, 3.91, 416, 993, 416, 14, 416, 139, 416, 868
2018-12-17 10:28:58, 417, 4.25, 417, 4.08, 417, 3.91, 417, 993, 417, 15, 417, 139, 417, 869
2018-12-17 10:29:03, 418, 4.07, 418, 4.04, 418, 3.90, 418, 993, 418, 15, 418, 139, 418, 868
2018-12-17 10:29:08, 419, 4.78, 419, 4.19, 419, 3.95, 419, 993, 419, 15, 419, 139, 419, 869
2018-12-17 10:29:13, 420, 4.72, 420, 4.19, 420, 3.95, 420, 993, 420, 14, 420, 139, 420, 869
2018-12-17 10:29:19, 421, 4.66, 421, 4.19, 421, 3.95, 421, 993, 421, 14, 421, 139, 421, 869
2018-12-17 10:29:24, 422, 4.45, 422, 4.15, 422, 3.94, 422, 993, 422, 14, 422, 139, 422, 868
2018-12-17 10:29:29, 423, 4.25, 423, 4.11, 423, 3.93, 423, 994, 423, 14, 423, 139, 423, 868
2018-12-17 10:29:34, 424, 4.15, 424, 4.10, 424, 3.92, 424, 994, 424, 14, 424, 139, 424, 869
2018-12-17 10:29:39, 425, 4.30, 425, 4.13, 425, 3.93, 425, 994, 425, 14, 425, 139, 425, 869
2018-12-17 10:29:44, 426, 4.12, 426, 4.09, 426, 3.92, 426, 993, 426, 14, 426, 139, 426, 869
2018-12-17 10:29:49, 427, 3.95, 427, 4.06, 427, 3.91, 427, 994, 427, 14, 427, 139, 427, 869
2018-12-17 10:29:54, 428, 3.79, 428, 4.02, 428, 3.90, 428, 994, 428, 14, 428, 139, 428, 869
2018-12-17 10:29:59, 429, 3.89, 429, 4.04, 429, 3.91, 429, 994, 429, 14, 429, 139, 429, 869
2018-12-17 10:30:04, 430, 3.98, 430, 4.06, 430, 3.92, 430, 994, 430, 14, 430, 139, 430, 869
2018-12-17 10:30:09, 431, 3.82, 431, 4.02, 431, 3.91, 431, 993, 431, 14, 431, 139, 431, 869
2018-12-17 10:30:14, 432, 3.67, 432, 3.99, 432, 3.89, 432, 994, 432, 14, 432, 139, 432, 869
2018-12-17 10:30:19, 433, 3.62, 433, 3.97, 433, 3.89, 433, 994, 433, 14, 433, 139, 433, 869
2018-12-17 10:30:24, 434, 3.97, 434, 4.04, 434, 3.91, 434, 994, 434, 14, 434, 139, 434, 869
2018-12-17 10:30:29, 435, 3.97, 435, 4.04, 435, 3.91, 435, 994, 435, 14, 435, 139, 435, 869
2018-12-17 10:30:34, 436, 3.81, 436, 4.00, 436, 3.90, 436, 994, 436, 14, 436, 139, 436, 869
2018-12-17 10:30:40, 437, 3.67, 437, 3.97, 437, 3.89, 437, 994, 437, 14, 437, 139, 437, 869
2018-12-17 10:30:45, 438, 3.54, 438, 3.94, 438, 3.88, 438, 994, 438, 14, 438, 139, 438, 869
2018-12-17 10:30:50, 439, 3.65, 439, 3.95, 439, 3.89, 439, 994, 439, 14, 439, 139, 439, 869
2018-12-17 10:30:55, 440, 3.60, 440, 3.94, 440, 3.88, 440, 994, 440, 14, 440, 139, 440, 869
2018-12-17 10:31:00, 441, 3.63, 441, 3.94, 441, 3.88, 441, 994, 441, 14, 441, 139, 441, 869
2018-12-17 10:31:05, 442, 3.50, 442, 3.91, 442, 3.87, 442, 994, 442, 14, 442, 139, 442, 868
2018-12-17 10:31:10, 443, 3.38, 443, 3.88, 443, 3.86, 443, 994, 443, 13, 443, 139, 443, 869
2018-12-17 10:31:15, 444, 3.51, 444, 3.89, 444, 3.87, 444, 994, 444, 13, 444, 139, 444, 868
2018-12-17 10:31:20, 445, 3.79, 445, 3.95, 445, 3.89, 445, 994, 445, 13, 445, 139, 445, 869
2018-12-17 10:31:25, 446, 4.05, 446, 4.00, 446, 3.90, 446, 994, 446, 13, 446, 139, 446, 869
2018-12-17 10:31:30, 447, 3.88, 447, 3.96, 447, 3.89, 447, 994, 447, 13, 447, 139, 447, 869
2018-12-17 10:31:35, 448, 3.73, 448, 3.93, 448, 3.88, 448, 994, 448, 13, 448, 139, 448, 869
2018-12-17 10:31:40, 449, 3.67, 449, 3.92, 449, 3.88, 449, 994, 449, 13, 449, 139, 449, 869
2018-12-17 10:31:45, 450, 3.70, 450, 3.92, 450, 3.88, 450, 994, 450, 13, 450, 139, 450, 868
2018-12-17 10:31:51, 451, 3.72, 451, 3.92, 451, 3.88, 451, 995, 451, 13, 451, 139, 451, 868
2018-12-17 10:31:56, 452, 3.59, 452, 3.89, 452, 3.87, 452, 994, 452, 13, 452, 139, 452, 869
2018-12-17 10:32:01, 453, 3.46, 453, 3.86, 453, 3.86, 453, 994, 453, 13, 453, 139, 453, 869
2018-12-17 10:32:06, 454, 3.74, 454, 3.91, 454, 3.87, 454, 995, 454, 13, 454, 139, 454, 869
2018-12-17 10:32:11, 455, 4.24, 455, 4.01, 455, 3.91, 455, 995, 455, 13, 455, 139, 455, 869
2018-12-17 10:32:16, 456, 4.14, 456, 3.99, 456, 3.90, 456, 995, 456, 13, 456, 139, 456, 869
2018-12-17 10:32:21, 457, 3.97, 457, 3.96, 457, 3.89, 457, 995, 457, 13, 457, 139, 457, 869
2018-12-17 10:32:26, 458, 3.81, 458, 3.93, 458, 3.88, 458, 995, 458, 13, 458, 139, 458, 869
2018-12-17 10:32:31, 459, 3.83, 459, 3.93, 459, 3.88, 459, 995, 459, 13, 459, 139, 459, 869
2018-12-17 10:32:36, 460, 4.08, 460, 3.98, 460, 3.90, 460, 995, 460, 13, 460, 139, 460, 869
2018-12-17 10:32:41, 461, 4.08, 461, 3.98, 461, 3.90, 461, 995, 461, 13, 461, 139, 461, 869
2018-12-17 10:32:46, 462, 3.99, 462, 3.96, 462, 3.89, 462, 995, 462, 13, 462, 139, 462, 869
2018-12-17 10:32:51, 463, 4.31, 463, 4.03, 463, 3.92, 463, 995, 463, 13, 463, 139, 463, 869
2018-12-17 10:32:56, 464, 4.13, 464, 4.00, 464, 3.91, 464, 995, 464, 13, 464, 139, 464, 869
2018-12-17 10:33:02, 465, 4.44, 465, 4.06, 465, 3.93, 465, 995, 465, 13, 465, 139, 465, 869
2018-12-17 10:33:07, 466, 4.48, 466, 4.08, 466, 3.93, 466, 995, 466, 13, 466, 139, 466, 869
2018-12-17 10:33:12, 467, 4.60, 467, 4.11, 467, 3.95, 467, 995, 467, 13, 467, 139, 467, 869
2018-12-17 10:33:17, 468, 4.55, 468, 4.11, 468, 3.95, 468, 995, 468, 13, 468, 139, 468, 869
2018-12-17 10:33:22, 469, 4.35, 469, 4.07, 469, 3.94, 469, 995, 469, 13, 469, 139, 469, 869
2018-12-17 10:33:27, 470, 4.40, 470, 4.09, 470, 3.94, 470, 995, 470, 13, 470, 139, 470, 869
2018-12-17 10:33:32, 471, 5.01, 471, 4.22, 471, 3.98, 471, 995, 471, 13, 471, 139, 471, 869
2018-12-17 10:33:37, 472, 4.77, 472, 4.18, 472, 3.97, 472, 995, 472, 13, 472, 140, 472, 868
2018-12-17 10:33:42, 473, 4.55, 473, 4.15, 473, 3.96, 473, 989, 473, 19, 473, 139, 473, 869
2018-12-17 10:33:47, 474, 4.34, 474, 4.11, 474, 3.95, 474, 989, 474, 18, 474, 139, 474, 868
2018-12-17 10:33:52, 475, 4.64, 475, 4.18, 475, 3.97, 475, 989, 475, 18, 475, 139, 475, 868
2018-12-17 10:33:57, 476, 4.75, 476, 4.22, 476, 3.99, 476, 989, 476, 18, 476, 139, 476, 868
2018-12-17 10:34:02, 477, 4.53, 477, 4.18, 477, 3.98, 477, 989, 477, 19, 477, 139, 477, 869
2018-12-17 10:34:07, 478, 4.33, 478, 4.15, 478, 3.97, 478, 989, 478, 19, 478, 139, 478, 869
2018-12-17 10:34:13, 479, 4.22, 479, 4.13, 479, 3.96, 479, 989, 479, 19, 479, 139, 479, 869
2018-12-17 10:34:18, 480, 4.13, 480, 4.11, 480, 3.96, 480, 989, 480, 18, 480, 139, 480, 869
2018-12-17 10:34:23, 481, 3.95, 481, 4.07, 481, 3.95, 481, 989, 481, 18, 481, 139, 481, 869
2018-12-17 10:34:28, 482, 3.96, 482, 4.07, 482, 3.95, 482, 989, 482, 18, 482, 139, 482, 868
2018-12-17 10:34:33, 483, 3.80, 483, 4.04, 483, 3.94, 483, 990, 483, 18, 483, 139, 483, 868
2018-12-17 10:34:38, 484, 4.30, 484, 4.14, 484, 3.97, 484, 990, 484, 18, 484, 139, 484, 868
2018-12-17 10:34:43, 485, 4.35, 485, 4.15, 485, 3.98, 485, 990, 485, 18, 485, 139, 485, 868
2018-12-17 10:34:48, 486, 4.17, 486, 4.12, 486, 3.97, 486, 990, 486, 18, 486, 139, 486, 869
2018-12-17 10:34:53, 487, 4.23, 487, 4.13, 487, 3.97, 487, 990, 487, 18, 487, 139, 487, 868
2018-12-17 10:34:58, 488, 4.05, 488, 4.10, 488, 3.96, 488, 990, 488, 18, 488, 139, 488, 868
2018-12-17 10:35:03, 489, 3.97, 489, 4.08, 489, 3.95, 489, 990, 489, 18, 489, 139, 489, 868
2018-12-17 10:35:08, 490, 4.21, 490, 4.13, 490, 3.97, 490, 990, 490, 18, 490, 139, 490, 868
2018-12-17 10:35:13, 491, 4.04, 491, 4.09, 491, 3.96, 491, 990, 491, 18, 491, 139, 491, 868
2018-12-17 10:35:18, 492, 3.95, 492, 4.07, 492, 3.95, 492, 990, 492, 18, 492, 139, 492, 868
2018-12-17 10:35:24, 493, 3.80, 493, 4.04, 493, 3.94, 493, 990, 493, 18, 493, 139, 493, 869
2018-12-17 10:35:29, 494, 3.89, 494, 4.05, 494, 3.95, 494, 990, 494, 18, 494, 139, 494, 869
2018-12-17 10:35:34, 495, 3.74, 495, 4.02, 495, 3.94, 495, 989, 495, 18, 495, 139, 495, 869
2018-12-17 10:35:39, 496, 3.60, 496, 3.99, 496, 3.93, 496, 990, 496, 18, 496, 139, 496, 869
2018-12-17 10:35:44, 497, 3.47, 497, 3.95, 497, 3.92, 497, 989, 497, 18, 497, 139, 497, 869
2018-12-17 10:35:49, 498, 3.76, 498, 4.00, 498, 3.94, 498, 990, 498, 18, 498, 139, 498, 869
2018-12-17 10:35:54, 499, 3.69, 499, 3.99, 499, 3.93, 499, 990, 499, 18, 499, 139, 499, 869
2018-12-17 10:35:59, 500, 3.56, 500, 3.95, 500, 3.92, 500, 990, 500, 18, 500, 139, 500, 868
2018-12-17 10:36:04, 501, 3.75, 501, 3.99, 501, 3.93, 501, 990, 501, 18, 501, 139, 501, 869
2018-12-17 10:36:09, 502, 3.61, 502, 3.95, 502, 3.92, 502, 990, 502, 18, 502, 139, 502, 869
2018-12-17 10:36:14, 503, 3.48, 503, 3.92, 503, 3.91, 503, 990, 503, 18, 503, 139, 503, 869
2018-12-17 10:36:19, 504, 3.37, 504, 3.89, 504, 3.90, 504, 990, 504, 18, 504, 139, 504, 869
2018-12-17 10:36:24, 505, 3.58, 505, 3.93, 505, 3.91, 505, 990, 505, 18, 505, 139, 505, 869
2018-12-17 10:36:30, 506, 3.53, 506, 3.91, 506, 3.91, 506, 990, 506, 18, 506, 139, 506, 869
2018-12-17 10:36:35, 507, 3.41, 507, 3.88, 507, 3.90, 507, 990, 507, 18, 507, 139, 507, 869
2018-12-17 10:36:40, 508, 3.29, 508, 3.85, 508, 3.89, 508, 990, 508, 18, 508, 139, 508, 869
2018-12-17 10:36:45, 509, 3.59, 509, 3.90, 509, 3.90, 509, 990, 509, 18, 509, 139, 509, 869
2018-12-17 10:36:50, 510, 3.54, 510, 3.89, 510, 3.90, 510, 990, 510, 18, 510, 139, 510, 869
2018-12-17 10:36:55, 511, 3.50, 511, 3.87, 511, 3.89, 511, 990, 511, 18, 511, 139, 511, 869
2018-12-17 10:37:00, 512, 3.38, 512, 3.84, 512, 3.88, 512, 990, 512, 18, 512, 139, 512, 869
2018-12-17 10:37:05, 513, 3.35, 513, 3.83, 513, 3.88, 513, 990, 513, 18, 513, 139, 513, 869
2018-12-17 10:37:10, 514, 3.56, 514, 3.86, 514, 3.89, 514, 990, 514, 17, 514, 139, 514, 869
2018-12-17 10:37:15, 515, 3.76, 515, 3.90, 515, 3.90, 515, 990, 515, 18, 515, 139, 515, 869
2018-12-17 10:37:20, 516, 3.78, 516, 3.90, 516, 3.90, 516, 990, 516, 18, 516, 139, 516, 869
2018-12-17 10:37:25, 517, 3.72, 517, 3.88, 517, 3.90, 517, 990, 517, 17, 517, 139, 517, 869
2018-12-17 10:37:30, 518, 3.58, 518, 3.85, 518, 3.89, 518, 990, 518, 17, 518, 139, 518, 869
2018-12-17 10:37:35, 519, 3.53, 519, 3.84, 519, 3.88, 519, 991, 519, 17, 519, 139, 519, 868
2018-12-17 10:37:41, 520, 3.57, 520, 3.84, 520, 3.88, 520, 990, 520, 17, 520, 139, 520, 869
2018-12-17 10:37:46, 521, 3.68, 521, 3.86, 521, 3.89, 521, 990, 521, 17, 521, 139, 521, 869
2018-12-17 10:37:51, 522, 3.55, 522, 3.83, 522, 3.88, 522, 991, 522, 17, 522, 139, 522, 868
2018-12-17 10:37:56, 523, 3.43, 523, 3.80, 523, 3.87, 523, 991, 523, 17, 523, 139, 523, 869
2018-12-17 10:38:01, 524, 3.47, 524, 3.80, 524, 3.87, 524, 991, 524, 17, 524, 139, 524, 869
2018-12-17 10:38:06, 525, 3.59, 525, 3.82, 525, 3.87, 525, 991, 525, 17, 525, 139, 525, 869
2018-12-17 10:38:11, 526, 3.55, 526, 3.81, 526, 3.87, 526, 991, 526, 17, 526, 139, 526, 869
2018-12-17 10:38:16, 527, 3.42, 527, 3.78, 527, 3.86, 527, 991, 527, 17, 527, 139, 527, 869
2018-12-17 10:38:21, 528, 3.31, 528, 3.75, 528, 3.85, 528, 991, 528, 17, 528, 139, 528, 869
2018-12-17 10:38:26, 529, 3.28, 529, 3.74, 529, 3.84, 529, 991, 529, 17, 529, 139, 529, 869
2018-12-17 10:38:31, 530, 3.74, 530, 3.82, 530, 3.87, 530, 991, 530, 17, 530, 139, 530, 869
2018-12-17 10:38:36, 531, 3.60, 531, 3.79, 531, 3.86, 531, 991, 531, 17, 531, 139, 531, 869
2018-12-17 10:38:41, 532, 3.71, 532, 3.81, 532, 3.87, 532, 991, 532, 17, 532, 139, 532, 869
2018-12-17 10:38:46, 533, 3.66, 533, 3.80, 533, 3.86, 533, 991, 533, 17, 533, 139, 533, 869
2018-12-17 10:38:52, 534, 3.68, 534, 3.80, 534, 3.86, 534, 991, 534, 17, 534, 139, 534, 869
2018-12-17 10:38:57, 535, 3.63, 535, 3.79, 535, 3.86, 535, 991, 535, 17, 535, 139, 535, 869
2018-12-17 10:39:02, 536, 3.90, 536, 3.84, 536, 3.88, 536, 991, 536, 17, 536, 139, 536, 869
2018-12-17 10:39:07, 537, 3.99, 537, 3.86, 537, 3.88, 537, 991, 537, 17, 537, 139, 537, 869
2018-12-17 10:39:12, 538, 3.83, 538, 3.83, 538, 3.87, 538, 991, 538, 17, 538, 139, 538, 869
2018-12-17 10:39:17, 539, 3.92, 539, 3.85, 539, 3.88, 539, 991, 539, 17, 539, 139, 539, 869
2018-12-17 10:39:22, 540, 3.85, 540, 3.84, 540, 3.87, 540, 991, 540, 17, 540, 139, 540, 869
2018-12-17 10:39:27, 541, 4.10, 541, 3.89, 541, 3.89, 541, 991, 541, 17, 541, 139, 541, 869
2018-12-17 10:39:32, 542, 4.17, 542, 3.91, 542, 3.90, 542, 991, 542, 16, 542, 139, 542, 869
2018-12-17 10:39:37, 543, 4.00, 543, 3.88, 543, 3.89, 543, 991, 543, 16, 543, 139, 543, 869
2018-12-17 10:39:42, 544, 4.00, 544, 3.88, 544, 3.89, 544, 991, 544, 16, 544, 139, 544, 869
2018-12-17 10:39:47, 545, 3.92, 545, 3.86, 545, 3.88, 545, 991, 545, 16, 545, 139, 545, 869
2018-12-17 10:39:52, 546, 4.41, 546, 3.97, 546, 3.91, 546, 991, 546, 16, 546, 139, 546, 869
2018-12-17 10:39:57, 547, 4.45, 547, 3.98, 547, 3.92, 547, 991, 547, 16, 547, 139, 547, 869
2018-12-17 10:40:02, 548, 4.44, 548, 4.00, 548, 3.93, 548, 991, 548, 16, 548, 139, 548, 869
2018-12-17 10:40:07, 549, 4.33, 549, 3.98, 549, 3.92, 549, 991, 549, 16, 549, 139, 549, 869
2018-12-17 10:40:13, 550, 4.22, 550, 3.97, 550, 3.92, 550, 992, 550, 16, 550, 139, 550, 869
2018-12-17 10:40:18, 551, 4.20, 551, 3.97, 551, 3.92, 551, 992, 551, 16, 551, 139, 551, 869
2018-12-17 10:40:23, 552, 4.03, 552, 3.94, 552, 3.91, 552, 992, 552, 16, 552, 139, 552, 869
2018-12-17 10:40:28, 553, 3.87, 553, 3.90, 553, 3.90, 553, 992, 553, 16, 553, 139, 553, 869
2018-12-17 10:40:33, 554, 3.72, 554, 3.87, 554, 3.89, 554, 992, 554, 16, 554, 139, 554, 869
2018-12-17 10:40:38, 555, 3.66, 555, 3.86, 555, 3.88, 555, 992, 555, 16, 555, 139, 555, 869
2018-12-17 10:40:43, 556, 3.53, 556, 3.83, 556, 3.87, 556, 992, 556, 16, 556, 139, 556, 869
2018-12-17 10:40:48, 557, 3.40, 557, 3.80, 557, 3.86, 557, 992, 557, 16, 557, 139, 557, 869
2018-12-17 10:40:53, 558, 3.53, 558, 3.82, 558, 3.87, 558, 992, 558, 16, 558, 139, 558, 868
2018-12-17 10:40:58, 559, 4.05, 559, 3.92, 559, 3.90, 559, 992, 559, 16, 559, 139, 559, 868
2018-12-17 10:41:03, 560, 4.13, 560, 3.94, 560, 3.91, 560, 992, 560, 16, 560, 139, 560, 868
2018-12-17 10:41:09, 561, 3.96, 561, 3.90, 561, 3.89, 561, 992, 561, 16, 561, 139, 561, 869
2018-12-17 10:41:14, 562, 3.80, 562, 3.87, 562, 3.88, 562, 992, 562, 16, 562, 139, 562, 869
2018-12-17 10:41:19, 563, 3.65, 563, 3.84, 563, 3.87, 563, 992, 563, 16, 563, 139, 563, 869
2018-12-17 10:41:24, 564, 3.84, 564, 3.88, 564, 3.89, 564, 992, 564, 16, 564, 139, 564, 869
2018-12-17 10:41:29, 565, 3.86, 565, 3.88, 565, 3.89, 565, 992, 565, 16, 565, 139, 565, 869
2018-12-17 10:41:34, 566, 3.71, 566, 3.85, 566, 3.88, 566, 992, 566, 16, 566, 139, 566, 869
2018-12-17 10:41:39, 567, 3.57, 567, 3.82, 567, 3.87, 567, 992, 567, 15, 567, 139, 567, 869
2018-12-17 10:41:44, 568, 3.52, 568, 3.80, 568, 3.86, 568, 992, 568, 15, 568, 139, 568, 869
2018-12-17 10:41:49, 569, 3.48, 569, 3.79, 569, 3.86, 569, 992, 569, 15, 569, 139, 569, 869
2018-12-17 10:41:54, 570, 3.36, 570, 3.76, 570, 3.85, 570, 992, 570, 15, 570, 139, 570, 869
2018-12-17 10:41:59, 571, 3.33, 571, 3.75, 571, 3.84, 571, 992, 571, 15, 571, 139, 571, 869
2018-12-17 10:42:04, 572, 3.23, 572, 3.72, 572, 3.83, 572, 992, 572, 15, 572, 139, 572, 869
2018-12-17 10:42:09, 573, 3.61, 573, 3.79, 573, 3.85, 573, 992, 573, 16, 573, 139, 573, 869
2018-12-17 10:42:14, 574, 3.64, 574, 3.79, 574, 3.86, 574, 992, 574, 15, 574, 139, 574, 869
2018-12-17 10:42:19, 575, 3.59, 575, 3.78, 575, 3.85, 575, 992, 575, 16, 575, 139, 575, 869
2018-12-17 10:42:25, 576, 3.94, 576, 3.85, 576, 3.87, 576, 992, 576, 15, 576, 139, 576, 869
2018-12-17 10:42:30, 577, 3.79, 577, 3.82, 577, 3.86, 577, 992, 577, 15, 577, 139, 577, 869
2018-12-17 10:42:35, 578, 3.72, 578, 3.81, 578, 3.86, 578, 992, 578, 15, 578, 139, 578, 869
2018-12-17 10:42:40, 579, 3.83, 579, 3.83, 579, 3.87, 579, 992, 579, 15, 579, 139, 579, 869
2018-12-17 10:42:45, 580, 3.76, 580, 3.81, 580, 3.86, 580, 992, 580, 15, 580, 139, 580, 869
2018-12-17 10:42:50, 581, 4.10, 581, 3.88, 581, 3.88, 581, 992, 581, 15, 581, 139, 581, 869
2018-12-17 10:42:55, 582, 3.93, 582, 3.85, 582, 3.87, 582, 992, 582, 15, 582, 139, 582, 869
2018-12-17 10:43:00, 583, 4.26, 583, 3.92, 583, 3.89, 583, 993, 583, 15, 583, 139, 583, 869
2018-12-17 10:43:05, 584, 4.24, 584, 3.92, 584, 3.89, 584, 993, 584, 15, 584, 139, 584, 869
2018-12-17 10:43:10, 585, 4.06, 585, 3.89, 585, 3.88, 585, 993, 585, 15, 585, 139, 585, 868
2018-12-17 10:43:15, 586, 3.97, 586, 3.87, 586, 3.88, 586, 993, 586, 15, 586, 139, 586, 869
2018-12-17 10:43:20, 587, 3.81, 587, 3.84, 587, 3.87, 587, 993, 587, 15, 587, 139, 587, 869
2018-12-17 10:43:25, 588, 3.91, 588, 3.86, 588, 3.88, 588, 993, 588, 15, 588, 139, 588, 869
2018-12-17 10:43:30, 589, 3.84, 589, 3.85, 589, 3.87, 589, 993, 589, 15, 589, 139, 589, 869
2018-12-17 10:43:35, 590, 3.69, 590, 3.82, 590, 3.86, 590, 993, 590, 15, 590, 139, 590, 869
2018-12-17 10:43:41, 591, 3.63, 591, 3.80, 591, 3.86, 591, 993, 591, 15, 591, 139, 591, 869
2018-12-17 10:43:46, 592, 3.50, 592, 3.77, 592, 3.85, 592, 993, 592, 15, 592, 139, 592, 869
2018-12-17 10:43:51, 593, 3.78, 593, 3.83, 593, 3.86, 593, 993, 593, 15, 593, 139, 593, 869
2018-12-17 10:43:56, 594, 3.72, 594, 3.81, 594, 3.86, 594, 993, 594, 15, 594, 139, 594, 869
2018-12-17 10:44:01, 595, 3.66, 595, 3.80, 595, 3.85, 595, 993, 595, 15, 595, 139, 595, 869
2018-12-17 10:44:06, 596, 3.53, 596, 3.77, 596, 3.84, 596, 993, 596, 15, 596, 139, 596, 869
2018-12-17 10:44:11, 597, 3.41, 597, 3.74, 597, 3.83, 597, 993, 597, 15, 597, 139, 597, 869
2018-12-17 10:44:16, 598, 3.37, 598, 3.73, 598, 3.83, 598, 993, 598, 15, 598, 139, 598, 869
2018-12-17 10:44:21, 599, 3.26, 599, 3.70, 599, 3.82, 599, 993, 599, 15, 599, 139, 599, 869
2018-12-17 10:44:26, 600, 3.16, 600, 3.67, 600, 3.81, 600, 993, 600, 15, 600, 139, 600, 869
2018-12-17 10:44:31, 601, 3.23, 601, 3.68, 601, 3.81, 601, 993, 601, 15, 601, 139, 601, 869
2018-12-17 10:44:36, 602, 3.13, 602, 3.65, 602, 3.80, 602, 993, 602, 15, 602, 139, 602, 869
2018-12-17 10:44:41, 603, 3.52, 603, 3.72, 603, 3.82, 603, 993, 603, 14, 603, 139, 603, 869
2018-12-17 10:44:46, 604, 3.48, 604, 3.71, 604, 3.82, 604, 993, 604, 14, 604, 139, 604, 869
2018-12-17 10:44:52, 605, 3.36, 605, 3.68, 605, 3.81, 605, 993, 605, 14, 605, 139, 605, 869
2018-12-17 10:44:57, 606, 3.25, 606, 3.65, 606, 3.80, 606, 993, 606, 14, 606, 139, 606, 869
2018-12-17 10:45:02, 607, 3.15, 607, 3.63, 607, 3.79, 607, 993, 607, 14, 607, 139, 607, 869
2018-12-17 10:45:07, 608, 3.62, 608, 3.71, 608, 3.82, 608, 993, 608, 14, 608, 139, 608, 869
2018-12-17 10:45:12, 609, 3.65, 609, 3.72, 609, 3.82, 609, 993, 609, 14, 609, 139, 609, 869
2018-12-17 10:45:17, 610, 3.52, 610, 3.69, 610, 3.81, 610, 993, 610, 14, 610, 139, 610, 869
2018-12-17 10:45:22, 611, 3.48, 611, 3.68, 611, 3.81, 611, 993, 611, 14, 611, 139, 611, 869
2018-12-17 10:45:27, 612, 3.36, 612, 3.65, 612, 3.80, 612, 993, 612, 14, 612, 139, 612, 869
2018-12-17 10:45:32, 613, 3.25, 613, 3.62, 613, 3.79, 613, 993, 613, 14, 613, 139, 613, 869
2018-12-17 10:45:37, 614, 3.15, 614, 3.60, 614, 3.78, 614, 993, 614, 14, 614, 139, 614, 869
2018-12-17 10:45:42, 615, 3.06, 615, 3.57, 615, 3.77, 615, 993, 615, 14, 615, 139, 615, 869
2018-12-17 10:45:47, 616, 2.97, 616, 3.55, 616, 3.76, 616, 994, 616, 14, 616, 139, 616, 869
2018-12-17 10:45:52, 617, 3.30, 617, 3.59, 617, 3.77, 617, 994, 617, 14, 617, 139, 617, 869
2018-12-17 10:45:58, 618, 3.27, 618, 3.58, 618, 3.77, 618, 994, 618, 14, 618, 139, 618, 869
2018-12-17 10:46:03, 619, 3.17, 619, 3.56, 619, 3.76, 619, 994, 619, 14, 619, 139, 619, 868
2018-12-17 10:46:08, 620, 3.48, 620, 3.61, 620, 3.78, 620, 994, 620, 14, 620, 139, 620, 868
2018-12-17 10:46:13, 621, 3.36, 621, 3.59, 621, 3.77, 621, 994, 621, 14, 621, 139, 621, 869
2018-12-17 10:46:18, 622, 3.41, 622, 3.59, 622, 3.77, 622, 994, 622, 14, 622, 139, 622, 869
2018-12-17 10:46:23, 623, 3.62, 623, 3.63, 623, 3.78, 623, 994, 623, 13, 623, 139, 623, 868
2018-12-17 10:46:28, 624, 3.49, 624, 3.61, 624, 3.77, 624, 994, 624, 13, 624, 139, 624, 868
2018-12-17 10:46:33, 625, 3.37, 625, 3.58, 625, 3.76, 625, 994, 625, 13, 625, 139, 625, 868
2018-12-17 10:46:38, 626, 3.26, 626, 3.55, 626, 3.75, 626, 994, 626, 13, 626, 139, 626, 868
2018-12-17 10:46:43, 627, 3.24, 627, 3.54, 627, 3.75, 627, 994, 627, 13, 627, 139, 627, 868
2018-12-17 10:46:49, 628, 3.38, 628, 3.57, 628, 3.75, 628, 994, 628, 13, 628, 139, 628, 868
2018-12-17 10:46:54, 629, 3.27, 629, 3.54, 629, 3.74, 629, 994, 629, 13, 629, 139, 629, 868
2018-12-17 10:46:59, 630, 3.17, 630, 3.52, 630, 3.74, 630, 994, 630, 13, 630, 139, 630, 868
